<?xml version="1.0" encoding="UTF-8"?>
<!-- Generated by org.testng.reporters.JUnitXMLReporter -->
<testsuite ignored="0" hostname="DESKTOP-1K6FSPE" failures="0" tests="4" name="Default test" time="102.343" errors="0" timestamp="2024-11-08T13:18:25 IST">
  <testcase classname="TestNG.DataProviderTest" name="loginTest" time="71.539"/>
  <testcase classname="TestNG.DataProviderTest" name="loginTest" time="12.319"/>
  <testcase classname="TestNG.DataProviderTest" name="loginTest" time="8.112"/>
  <testcase classname="TestNG.DataProviderTest" name="loginTest" time="10.306"/>
</testsuite> <!-- Default test -->
