<?xml version="1.0" encoding="UTF-8"?>
<testng-results ignored="0" total="4" passed="4" failed="0" skipped="0">
  <reporter-output>
  </reporter-output>
  <suite started-at="2024-11-08T13:16:43 IST" name="Default suite" finished-at="2024-11-08T13:18:25 IST" duration-ms="102343">
    <groups>
    </groups>
    <test started-at="2024-11-08T13:16:43 IST" name="Default test" finished-at="2024-11-08T13:18:25 IST" duration-ms="102343">
      <class name="TestNG.DataProviderTest">
        <test-method signature="loginTest(java.lang.String,java.lang.String)[pri:0, instance:TestNG.DataProviderTest@708f5957]" started-at="2024-11-08T13:16:43 IST" name="loginTest" data-provider="loginData" finished-at="2024-11-08T13:17:54 IST" duration-ms="71539" status="PASS">
          <params>
            <param index="0">
              <value>
                <![CDATA[standard_user]]>
              </value>
            </param>
            <param index="1">
              <value>
                <![CDATA[secrate_sauce]]>
              </value>
            </param>
          </params>
          <reporter-output>
          </reporter-output>
        </test-method> <!-- loginTest -->
        <test-method signature="loginTest(java.lang.String,java.lang.String)[pri:0, instance:TestNG.DataProviderTest@708f5957]" started-at="2024-11-08T13:17:54 IST" name="loginTest" data-provider="loginData" finished-at="2024-11-08T13:18:07 IST" duration-ms="12319" status="PASS">
          <params>
            <param index="0">
              <value>
                <![CDATA[locked_out_user]]>
              </value>
            </param>
            <param index="1">
              <value>
                <![CDATA[secrate_sauce]]>
              </value>
            </param>
          </params>
          <reporter-output>
          </reporter-output>
        </test-method> <!-- loginTest -->
        <test-method signature="loginTest(java.lang.String,java.lang.String)[pri:0, instance:TestNG.DataProviderTest@708f5957]" started-at="2024-11-08T13:18:07 IST" name="loginTest" data-provider="loginData" finished-at="2024-11-08T13:18:15 IST" duration-ms="8112" status="PASS">
          <params>
            <param index="0">
              <value>
                <![CDATA[problem_user]]>
              </value>
            </param>
            <param index="1">
              <value>
                <![CDATA[sauce_demo]]>
              </value>
            </param>
          </params>
          <reporter-output>
          </reporter-output>
        </test-method> <!-- loginTest -->
        <test-method signature="loginTest(java.lang.String,java.lang.String)[pri:0, instance:TestNG.DataProviderTest@708f5957]" started-at="2024-11-08T13:18:15 IST" name="loginTest" data-provider="loginData" finished-at="2024-11-08T13:18:25 IST" duration-ms="10306" status="PASS">
          <params>
            <param index="0">
              <value>
                <![CDATA[performance_glitch_user]]>
              </value>
            </param>
            <param index="1">
              <value>
                <![CDATA[secrate_sauce]]>
              </value>
            </param>
          </params>
          <reporter-output>
          </reporter-output>
        </test-method> <!-- loginTest -->
      </class> <!-- TestNG.DataProviderTest -->
    </test> <!-- Default test -->
  </suite> <!-- Default suite -->
</testng-results>
